[1mProject:[0m Dionizioaf/OpsLife-IaC/iac/terraform/account-master

 [4mName[0m  [4mMonthly Qty[0m  [4mUnit[0m  [4mMonthly Cost[0m 
                                       
[1m OVERALL TOTAL[0m                   $0.00 
â”€â”€â”€â”€â”€â”€â”€â”€â”€â”€â”€â”€â”€â”€â”€â”€â”€â”€â”€â”€â”€â”€â”€â”€â”€â”€â”€â”€â”€â”€â”€â”€â”€â”€
64 cloud resources were detected:
âˆ™ 0 were estimated
âˆ™ 64 are not supported yet, see [4mhttps://infracost.io/requested-resources[0m:
  âˆ™ 43 x aws_controltower_control
  âˆ™ 9 x aws_organizations_account
  âˆ™ 8 x aws_organizations_organizational_unit
  âˆ™ 2 x aws_organizations_policy_attachment
  âˆ™ 1 x aws_organizations_organization
  âˆ™ 1 x aws_organizations_policy

â”â”â”â”â”â”â”â”â”â”â”â”â”â”â”â”â”â”â”â”â”â”â”â”â”â”â”â”â”â”â”â”â”â”â”â”â”â”â”â”â”â”â”â”â”â”â”â”â”â”â”â”â”â”â”³â”â”â”â”â”â”â”â”â”â”â”â”â”â”â”“
â”ƒ Project                                             â”ƒ Monthly cost â”ƒ
â”£â”â”â”â”â”â”â”â”â”â”â”â”â”â”â”â”â”â”â”â”â”â”â”â”â”â”â”â”â”â”â”â”â”â”â”â”â”â”â”â”â”â”â”â”â”â”â”â”â”â”â”â”â”â•‹â”â”â”â”â”â”â”â”â”â”â”â”â”â”â”«
â”ƒ Dionizioaf/OpsLife-IaC/iac/terraform/account-master â”ƒ $0.00        â”ƒ
â”—â”â”â”â”â”â”â”â”â”â”â”â”â”â”â”â”â”â”â”â”â”â”â”â”â”â”â”â”â”â”â”â”â”â”â”â”â”â”â”â”â”â”â”â”â”â”â”â”â”â”â”â”â”â”»â”â”â”â”â”â”â”â”â”â”â”â”â”â”â”›
========================
[1mProject:[0m Dionizioaf/OpsLife-IaC/iac/terraform/account-master

 [4mName[0m  [4mMonthly Qty[0m  [4mUnit[0m  [4mMonthly Cost[0m 
                                       
[1m OVERALL TOTAL[0m                   $0.00 
â”€â”€â”€â”€â”€â”€â”€â”€â”€â”€â”€â”€â”€â”€â”€â”€â”€â”€â”€â”€â”€â”€â”€â”€â”€â”€â”€â”€â”€â”€â”€â”€â”€â”€
64 cloud resources were detected:
âˆ™ 0 were estimated
âˆ™ 64 are not supported yet, see [4mhttps://infracost.io/requested-resources[0m:
  âˆ™ 43 x aws_controltower_control
  âˆ™ 9 x aws_organizations_account
  âˆ™ 8 x aws_organizations_organizational_unit
  âˆ™ 2 x aws_organizations_policy_attachment
  âˆ™ 1 x aws_organizations_organization
  âˆ™ 1 x aws_organizations_policy

â”â”â”â”â”â”â”â”â”â”â”â”â”â”â”â”â”â”â”â”â”â”â”â”â”â”â”â”â”â”â”â”â”â”â”â”â”â”â”â”â”â”â”â”â”â”â”â”â”â”â”â”â”â”â”³â”â”â”â”â”â”â”â”â”â”â”â”â”â”â”“
â”ƒ Project                                             â”ƒ Monthly cost â”ƒ
â”£â”â”â”â”â”â”â”â”â”â”â”â”â”â”â”â”â”â”â”â”â”â”â”â”â”â”â”â”â”â”â”â”â”â”â”â”â”â”â”â”â”â”â”â”â”â”â”â”â”â”â”â”â”â•‹â”â”â”â”â”â”â”â”â”â”â”â”â”â”â”«
â”ƒ Dionizioaf/OpsLife-IaC/iac/terraform/account-master â”ƒ $0.00        â”ƒ
â”—â”â”â”â”â”â”â”â”â”â”â”â”â”â”â”â”â”â”â”â”â”â”â”â”â”â”â”â”â”â”â”â”â”â”â”â”â”â”â”â”â”â”â”â”â”â”â”â”â”â”â”â”â”â”»â”â”â”â”â”â”â”â”â”â”â”â”â”â”â”›
========================
